2025-04-04 03:53:16.933451 - Received CBT.V508.FILE103.PDS from FILE103.XMI 
2025-04-04 03:53:16.935977 - Found $$$#DATE.txt (text/plain) in CBT.V508.FILE103.PDS, moved to PDS/$$$#DATE
2025-04-04 03:53:16.936119 - Found $$ISPF.txt (text/plain) in CBT.V508.FILE103.PDS, moved to PDS/$$ISPF
2025-04-04 03:53:16.936267 - Found $$SCRIPT.txt (text/plain) in CBT.V508.FILE103.PDS, moved to PDS/$$SCRIPT
2025-04-04 03:53:16.936398 - Found $CHANGE.txt (text/plain) in CBT.V508.FILE103.PDS, moved to PDS/$CHANGE
2025-04-04 03:53:16.936516 - Found $DOC.bin (application/octet-stream) in CBT.V508.FILE103.PDS, moved to PDS/$DOC
2025-04-04 03:53:16.936640 - Found $INSTALL.bin (application/octet-stream) in CBT.V508.FILE103.PDS, moved to PDS/$INSTALL
2025-04-04 03:53:16.936775 - Found $LEVEL.bin (application/octet-stream) in CBT.V508.FILE103.PDS, moved to PDS/$LEVEL
2025-04-04 03:53:16.936921 - Found $NOTE.txt (text/plain) in CBT.V508.FILE103.PDS, moved to PDS/$NOTE
2025-04-04 03:53:16.937042 - Found #COPYSCR.txt (text/plain) in CBT.V508.FILE103.PDS, moved to PDS/#COPYSCR
2025-04-04 03:53:16.937156 - Found #ELIST.txt (text/plain) in CBT.V508.FILE103.PDS, moved to PDS/#ELIST
2025-04-04 03:53:16.937275 - Found #INFO.txt (text/plain) in CBT.V508.FILE103.PDS, moved to PDS/#INFO
2025-04-04 03:53:16.937388 - Found #SPELL.txt (text/plain) in CBT.V508.FILE103.PDS, moved to PDS/#SPELL
2025-04-04 03:53:16.937503 - Found @FILE103.txt (text/plain) in CBT.V508.FILE103.PDS, moved to PDS/@FILE103
2025-04-04 03:53:16.937637 - Found CDF.txt (text/plain) in CBT.V508.FILE103.PDS, moved to PDS/CDF
2025-04-04 03:53:16.937760 - Found CDFDATAB.txt (text/plain) in CBT.V508.FILE103.PDS, moved to PDS/CDFDATAB
2025-04-04 03:53:16.937872 - Found CDFHELP.txt (text/plain) in CBT.V508.FILE103.PDS, moved to PDS/CDFHELP
2025-04-04 03:53:16.937994 - Found COPYSCRN.txt (text/plain) in CBT.V508.FILE103.PDS, moved to PDS/COPYSCRN
2025-04-04 03:53:16.938137 - Found COPYSCT1.txt (text/plain) in CBT.V508.FILE103.PDS, moved to PDS/COPYSCT1
2025-04-04 03:53:16.938276 - Found COPYSCT2.txt (text/plain) in CBT.V508.FILE103.PDS, moved to PDS/COPYSCT2
2025-04-04 03:53:16.938389 - Found COPYSC01.txt (text/plain) in CBT.V508.FILE103.PDS, moved to PDS/COPYSC01
2025-04-04 03:53:16.938549 - Found DISPLAY.txt (text/plain) in CBT.V508.FILE103.PDS, moved to PDS/DISPLAY
2025-04-04 03:53:16.938666 - Found ELIST.txt (text/plain) in CBT.V508.FILE103.PDS, moved to PDS/ELIST
2025-04-04 03:53:16.938823 - Found INFO.txt (text/plain) in CBT.V508.FILE103.PDS, moved to PDS/INFO
2025-04-04 03:53:16.938949 - Found INIT.txt (text/plain) in CBT.V508.FILE103.PDS, moved to PDS/INIT
2025-04-04 03:53:16.939068 - Found QCOMMON.txt (text/plain) in CBT.V508.FILE103.PDS, moved to PDS/QCOMMON
2025-04-04 03:53:16.939211 - Found QUECMDS.bin (application/octet-stream) in CBT.V508.FILE103.PDS, moved to PDS/QUECMDS
2025-04-04 03:53:16.939511 - Found QUEPROF.bin (application/octet-stream) in CBT.V508.FILE103.PDS, moved to PDS/QUEPROF
2025-04-04 03:53:16.939652 - Found QUEUE.txt (text/plain) in CBT.V508.FILE103.PDS, moved to PDS/QUEUE
2025-04-04 03:53:16.939798 - Found QUEUEM2.txt (text/plain) in CBT.V508.FILE103.PDS, moved to PDS/QUEUEM2
2025-04-04 03:53:16.939920 - Found QUEUEM3.txt (text/plain) in CBT.V508.FILE103.PDS, moved to PDS/QUEUEM3
2025-04-04 03:53:16.940037 - Found QUEUEM4.txt (text/plain) in CBT.V508.FILE103.PDS, moved to PDS/QUEUEM4
2025-04-04 03:53:16.940149 - Found QUEUEM5.txt (text/plain) in CBT.V508.FILE103.PDS, moved to PDS/QUEUEM5
2025-04-04 03:53:16.940292 - Found RACFTSO5.jcl (text/plain) in CBT.V508.FILE103.PDS, moved to PDS/RACFTSO5
2025-04-04 03:53:16.940414 - Found REPOS.txt (text/plain) in CBT.V508.FILE103.PDS, moved to PDS/REPOS
2025-04-04 03:53:16.940543 - Found SPELL.txt (text/plain) in CBT.V508.FILE103.PDS, moved to PDS/SPELL
2025-04-04 03:53:16.940671 - Found TECA08.txt (text/plain) in CBT.V508.FILE103.PDS, moved to PDS/TECA08
2025-04-04 03:53:16.940784 - Found TECMODS.bin (application/octet-stream) in CBT.V508.FILE103.PDS, moved to PDS/TECMODS
2025-04-04 03:53:16.940896 - Found TECZ00.txt (text/plain) in CBT.V508.FILE103.PDS, moved to PDS/TECZ00
2025-04-04 03:53:16.941007 - Found TVENQ1.txt (text/plain) in CBT.V508.FILE103.PDS, moved to PDS/TVENQ1
2025-04-04 03:53:16.941120 - Found TVENQ11.txt (text/plain) in CBT.V508.FILE103.PDS, moved to PDS/TVENQ11
2025-04-04 03:53:16.941230 - Found TVENQ12.txt (text/plain) in CBT.V508.FILE103.PDS, moved to PDS/TVENQ12
2025-04-04 03:53:16.941358 - Found TVENQ2.txt (text/plain) in CBT.V508.FILE103.PDS, moved to PDS/TVENQ2
2025-04-04 03:53:16.941474 - Found VBROAD.txt (text/plain) in CBT.V508.FILE103.PDS, moved to PDS/VBROAD
2025-04-04 03:53:16.941591 - Found VBROADE.txt (text/plain) in CBT.V508.FILE103.PDS, moved to PDS/VBROADE
2025-04-04 03:53:16.941708 - Found VBROADI.txt (text/plain) in CBT.V508.FILE103.PDS, moved to PDS/VBROADI
2025-04-04 03:53:16.941820 - Found VBROAD0.txt (text/plain) in CBT.V508.FILE103.PDS, moved to PDS/VBROAD0
2025-04-04 03:53:16.941935 - Found VBROAD1.txt (text/plain) in CBT.V508.FILE103.PDS, moved to PDS/VBROAD1
2025-04-04 03:53:16.942046 - Found VBROAD2.txt (text/plain) in CBT.V508.FILE103.PDS, moved to PDS/VBROAD2
2025-04-04 03:53:16.942161 - Found VCMDEDIC.txt (text/plain) in CBT.V508.FILE103.PDS, moved to PDS/VCMDEDIC
2025-04-04 03:53:16.942272 - Found VCMDEDIT.txt (text/plain) in CBT.V508.FILE103.PDS, moved to PDS/VCMDEDIT
2025-04-04 03:53:16.942404 - Found VENQ1.txt (text/plain) in CBT.V508.FILE103.PDS, moved to PDS/VENQ1
2025-04-04 03:53:16.942536 - Found VENQ2.txt (text/plain) in CBT.V508.FILE103.PDS, moved to PDS/VENQ2
2025-04-04 03:53:16.942649 - Found VEXIT.txt (text/plain) in CBT.V508.FILE103.PDS, moved to PDS/VEXIT
2025-04-04 03:53:16.942761 - Found VEXITC.txt (text/plain) in CBT.V508.FILE103.PDS, moved to PDS/VEXITC
2025-04-04 03:53:16.942887 - Found VISPFG2.bin (application/octet-stream) in CBT.V508.FILE103.PDS, moved to PDS/VISPFG2
2025-04-04 03:53:16.943011 - Found VLOGO.txt (text/plain) in CBT.V508.FILE103.PDS, moved to PDS/VLOGO
2025-04-04 03:53:16.943118 - Found VLOGOC.txt (text/plain) in CBT.V508.FILE103.PDS, moved to PDS/VLOGOC
2025-04-04 03:53:16.943228 - Found VLOGON.jcl (text/plain) in CBT.V508.FILE103.PDS, moved to PDS/VLOGON
2025-04-04 03:53:16.943339 - Found VLOGONP.txt (text/plain) in CBT.V508.FILE103.PDS, moved to PDS/VLOGONP
2025-04-04 03:53:16.943467 - Found VPC.txt (text/plain) in CBT.V508.FILE103.PDS, moved to PDS/VPC
2025-04-04 03:53:16.943581 - Found VPCC.txt (text/plain) in CBT.V508.FILE103.PDS, moved to PDS/VPCC
2025-04-04 03:53:16.943698 - Found VPCTRAN.txt (text/plain) in CBT.V508.FILE103.PDS, moved to PDS/VPCTRAN
2025-04-04 03:53:16.943810 - Found VPCT000.txt (text/plain) in CBT.V508.FILE103.PDS, moved to PDS/VPCT000
2025-04-04 03:53:16.943934 - Found VPCT001.txt (text/plain) in CBT.V508.FILE103.PDS, moved to PDS/VPCT001
2025-04-04 03:53:16.944048 - Found VPCT002.txt (text/plain) in CBT.V508.FILE103.PDS, moved to PDS/VPCT002
2025-04-04 03:53:16.944160 - Found VPCT003.txt (text/plain) in CBT.V508.FILE103.PDS, moved to PDS/VPCT003
2025-04-04 03:53:16.944270 - Found VPCT010.txt (text/plain) in CBT.V508.FILE103.PDS, moved to PDS/VPCT010
2025-04-04 03:53:16.944618 - Found VPCT011.txt (text/plain) in CBT.V508.FILE103.PDS, moved to PDS/VPCT011
2025-04-04 03:53:16.944804 - Found VPCT012.txt (text/plain) in CBT.V508.FILE103.PDS, moved to PDS/VPCT012
2025-04-04 03:53:16.944952 - Found VPCT013.txt (text/plain) in CBT.V508.FILE103.PDS, moved to PDS/VPCT013
2025-04-04 03:53:16.945079 - Found VPCT014.txt (text/plain) in CBT.V508.FILE103.PDS, moved to PDS/VPCT014
2025-04-04 03:53:16.945195 - Found VPCT015.txt (text/plain) in CBT.V508.FILE103.PDS, moved to PDS/VPCT015
2025-04-04 03:53:16.945308 - Found VPCT016.txt (text/plain) in CBT.V508.FILE103.PDS, moved to PDS/VPCT016
2025-04-04 03:53:16.945422 - Found VPCT017.txt (text/plain) in CBT.V508.FILE103.PDS, moved to PDS/VPCT017
2025-04-04 03:53:16.945546 - Found VPCT018.txt (text/plain) in CBT.V508.FILE103.PDS, moved to PDS/VPCT018
2025-04-04 03:53:16.945683 - Found VUTL16.txt (text/plain) in CBT.V508.FILE103.PDS, moved to PDS/VUTL16
